2023-04-02 21:42:06.639460 - Initialized conversion of CBT1015
2023-04-02 21:42:11.623062 - Received CBT.V504.FILE1015.PDS from FILE1015.XMI 
2023-04-02 21:42:11.625647 - Found $$$#DATE.txt (text/plain) in CBT.V504.FILE1015.PDS, moved to PDS/$$$#DATE
2023-04-02 21:42:11.627192 - Found $$NOTE01.txt (text/plain) in CBT.V504.FILE1015.PDS, moved to PDS/$$NOTE01
2023-04-02 21:42:11.628292 - Found $$NOTE02.txt (text/plain) in CBT.V504.FILE1015.PDS, moved to PDS/$$NOTE02
2023-04-02 21:42:11.629442 - Found $BIND.jcl (text/plain) in CBT.V504.FILE1015.PDS, moved to PDS/$BIND
2023-04-02 21:42:11.630749 - Found $COMPDYN.jcl (text/plain) in CBT.V504.FILE1015.PDS, moved to PDS/$COMPDYN
2023-04-02 21:42:11.631915 - Found $COMPEXC.jcl (text/plain) in CBT.V504.FILE1015.PDS, moved to PDS/$COMPEXC
2023-04-02 21:42:11.633050 - Found $COMPEXL.jcl (text/plain) in CBT.V504.FILE1015.PDS, moved to PDS/$COMPEXL
2023-04-02 21:42:11.634076 - Found $COMPEXP.jcl (text/plain) in CBT.V504.FILE1015.PDS, moved to PDS/$COMPEXP
2023-04-02 21:42:11.636054 - Found $COMPEXZ.jcl (text/plain) in CBT.V504.FILE1015.PDS, moved to PDS/$COMPEXZ
2023-04-02 21:42:11.637236 - Found $COMPOBL.jcl (text/plain) in CBT.V504.FILE1015.PDS, moved to PDS/$COMPOBL
2023-04-02 21:42:11.638470 - Found $COMPOBZ.jcl (text/plain) in CBT.V504.FILE1015.PDS, moved to PDS/$COMPOBZ
2023-04-02 21:42:11.639708 - Found $COMPTST.jcl (text/plain) in CBT.V504.FILE1015.PDS, moved to PDS/$COMPTST
2023-04-02 21:42:11.640940 - Found $COMPTS2.jcl (text/plain) in CBT.V504.FILE1015.PDS, moved to PDS/$COMPTS2
2023-04-02 21:42:11.642062 - Found $DDFTAB.txt (text/plain) in CBT.V504.FILE1015.PDS, moved to PDS/$DDFTAB
2023-04-02 21:42:11.643211 - Found $DDLZB1B.jcl (text/plain) in CBT.V504.FILE1015.PDS, moved to PDS/$DDLZB1B
2023-04-02 21:42:11.644305 - Found $DDLZC1C.txt (text/plain) in CBT.V504.FILE1015.PDS, moved to PDS/$DDLZC1C
2023-04-02 21:42:11.645617 - Found $DDLZVCL.jcl (text/plain) in CBT.V504.FILE1015.PDS, moved to PDS/$DDLZVCL
2023-04-02 21:42:11.647636 - Found $DDLZV11.txt (text/plain) in CBT.V504.FILE1015.PDS, moved to PDS/$DDLZV11
2023-04-02 21:42:11.649457 - Found $DDLZV12.jcl (text/plain) in CBT.V504.FILE1015.PDS, moved to PDS/$DDLZV12
2023-04-02 21:42:11.650799 - Found $HOSTDB.txt (text/plain) in CBT.V504.FILE1015.PDS, moved to PDS/$HOSTDB
2023-04-02 21:42:11.652046 - Found $INDEX.txt (text/plain) in CBT.V504.FILE1015.PDS, moved to PDS/$INDEX
2023-04-02 21:42:11.653490 - Found #GENIEBU.jcl (text/plain) in CBT.V504.FILE1015.PDS, moved to PDS/#GENIEBU
2023-04-02 21:42:11.655124 - Found #NEUEMAP.txt (text/plain) in CBT.V504.FILE1015.PDS, moved to PDS/#NEUEMAP
2023-04-02 21:42:11.656525 - Found #NICHTDA.rexx (text/plain) in CBT.V504.FILE1015.PDS, moved to PDS/#NICHTDA
2023-04-02 21:42:11.657613 - Found #SSIDINF.txt (text/plain) in CBT.V504.FILE1015.PDS, moved to PDS/#SSIDINF
2023-04-02 21:42:11.658754 - Found #STEULA1.txt (text/plain) in CBT.V504.FILE1015.PDS, moved to PDS/#STEULA1
2023-04-02 21:42:11.660002 - Found #STEULA5.txt (text/plain) in CBT.V504.FILE1015.PDS, moved to PDS/#STEULA5
2023-04-02 21:42:11.661370 - Found #STEULB1.txt (text/plain) in CBT.V504.FILE1015.PDS, moved to PDS/#STEULB1
2023-04-02 21:42:11.662539 - Found #STEULB5.txt (text/plain) in CBT.V504.FILE1015.PDS, moved to PDS/#STEULB5
2023-04-02 21:42:11.663895 - Found #STEUL97.txt (text/plain) in CBT.V504.FILE1015.PDS, moved to PDS/#STEUL97
2023-04-02 21:42:11.665105 - Found #STEUZA1.txt (text/plain) in CBT.V504.FILE1015.PDS, moved to PDS/#STEUZA1
2023-04-02 21:42:11.666316 - Found #STEUZB1.txt (text/plain) in CBT.V504.FILE1015.PDS, moved to PDS/#STEUZB1
2023-04-02 21:42:11.667605 - Found #STEUZC1.txt (text/plain) in CBT.V504.FILE1015.PDS, moved to PDS/#STEUZC1
2023-04-02 21:42:11.669241 - Found #STEUZC2.txt (text/plain) in CBT.V504.FILE1015.PDS, moved to PDS/#STEUZC2
2023-04-02 21:42:11.670376 - Found #STEUZ81.txt (text/plain) in CBT.V504.FILE1015.PDS, moved to PDS/#STEUZ81
2023-04-02 21:42:11.671684 - Found #STEUZ91.txt (text/plain) in CBT.V504.FILE1015.PDS, moved to PDS/#STEUZ91
2023-04-02 21:42:11.672891 - Found #1SAVE.jcl (text/plain) in CBT.V504.FILE1015.PDS, moved to PDS/#1SAVE
2023-04-02 21:42:11.673923 - Found @FIL1015.txt (text/plain) in CBT.V504.FILE1015.PDS, moved to PDS/@FIL1015
2023-04-02 21:42:11.674934 - Found ALTERCOL.txt (text/plain) in CBT.V504.FILE1015.PDS, moved to PDS/ALTERCOL
2023-04-02 21:42:11.676253 - Found ARXPARM1.rexx (text/plain) in CBT.V504.FILE1015.PDS, moved to PDS/ARXPARM1
2023-04-02 21:42:11.677559 - Found CCOMPTAB.rexx (text/plain) in CBT.V504.FILE1015.PDS, moved to PDS/CCOMPTAB
2023-04-02 21:42:11.678913 - Found DELBL.rexx (text/plain) in CBT.V504.FILE1015.PDS, moved to PDS/DELBL
2023-04-02 21:42:11.680150 - Found DYNAMSQL.rexx (text/plain) in CBT.V504.FILE1015.PDS, moved to PDS/DYNAMSQL
2023-04-02 21:42:11.681567 - Found DYNAMSQ1.rexx (text/plain) in CBT.V504.FILE1015.PDS, moved to PDS/DYNAMSQ1
2023-04-02 21:42:11.682901 - Found DYNAMSQ2.rexx (text/plain) in CBT.V504.FILE1015.PDS, moved to PDS/DYNAMSQ2
2023-04-02 21:42:11.684110 - Found GENIEBUP.rexx (text/plain) in CBT.V504.FILE1015.PDS, moved to PDS/GENIEBUP
2023-04-02 21:42:11.685232 - Found GETPWD.rexx (text/plain) in CBT.V504.FILE1015.PDS, moved to PDS/GETPWD
2023-04-02 21:42:11.686466 - Found ICINFO.rexx (text/plain) in CBT.V504.FILE1015.PDS, moved to PDS/ICINFO
2023-04-02 21:42:11.687746 - Found JOB.rexx (text/plain) in CBT.V504.FILE1015.PDS, moved to PDS/JOB
2023-04-02 21:42:11.688775 - Found LUWAUSW.rexx (text/plain) in CBT.V504.FILE1015.PDS, moved to PDS/LUWAUSW
2023-04-02 21:42:11.689800 - Found LUWAUSWA.rexx (text/plain) in CBT.V504.FILE1015.PDS, moved to PDS/LUWAUSWA
2023-04-02 21:42:11.691156 - Found LUWAUSWX.rexx (text/plain) in CBT.V504.FILE1015.PDS, moved to PDS/LUWAUSWX
2023-04-02 21:42:11.692869 - Found LUWA1AC2.rexx (text/plain) in CBT.V504.FILE1015.PDS, moved to PDS/LUWA1AC2
2023-04-02 21:42:11.694387 - Found LUWA1AC3.rexx (text/plain) in CBT.V504.FILE1015.PDS, moved to PDS/LUWA1AC3
2023-04-02 21:42:11.695885 - Found LUWA1200.rexx (text/plain) in CBT.V504.FILE1015.PDS, moved to PDS/LUWA1200
2023-04-02 21:42:11.697207 - Found LUWA1210.rexx (text/plain) in CBT.V504.FILE1015.PDS, moved to PDS/LUWA1210
2023-04-02 21:42:11.698351 - Found LUWA1900.rexx (text/plain) in CBT.V504.FILE1015.PDS, moved to PDS/LUWA1900
2023-04-02 21:42:11.699642 - Found LUWA1905.rexx (text/plain) in CBT.V504.FILE1015.PDS, moved to PDS/LUWA1905
2023-04-02 21:42:11.700784 - Found LUWA1910.rexx (text/plain) in CBT.V504.FILE1015.PDS, moved to PDS/LUWA1910
2023-04-02 21:42:11.701991 - Found LUWA1911.rexx (text/plain) in CBT.V504.FILE1015.PDS, moved to PDS/LUWA1911
2023-04-02 21:42:11.703287 - Found LUWA1915.rexx (text/plain) in CBT.V504.FILE1015.PDS, moved to PDS/LUWA1915
2023-04-02 21:42:11.703305 - Found LUWA1920.bin containing application/octet-stream, moved to PDS/LUWA1920
2023-04-02 21:42:11.705926 - Found LUWA1925.rexx (text/plain) in CBT.V504.FILE1015.PDS, moved to PDS/LUWA1925
2023-04-02 21:42:11.707126 - Found LUWA5AC1.rexx (text/plain) in CBT.V504.FILE1015.PDS, moved to PDS/LUWA5AC1
2023-04-02 21:42:11.708301 - Found LUWA5AC2.rexx (text/plain) in CBT.V504.FILE1015.PDS, moved to PDS/LUWA5AC2
2023-04-02 21:42:11.709648 - Found LUWA5AC3.rexx (text/plain) in CBT.V504.FILE1015.PDS, moved to PDS/LUWA5AC3
2023-04-02 21:42:11.710840 - Found LUWA5200.rexx (text/plain) in CBT.V504.FILE1015.PDS, moved to PDS/LUWA5200
2023-04-02 21:42:11.712099 - Found LUWA5210.rexx (text/plain) in CBT.V504.FILE1015.PDS, moved to PDS/LUWA5210
2023-04-02 21:42:11.713174 - Found LUWA5900.rexx (text/plain) in CBT.V504.FILE1015.PDS, moved to PDS/LUWA5900
2023-04-02 21:42:11.714110 - Found LUWA5905.rexx (text/plain) in CBT.V504.FILE1015.PDS, moved to PDS/LUWA5905
2023-04-02 21:42:11.715385 - Found LUWA5910.rexx (text/plain) in CBT.V504.FILE1015.PDS, moved to PDS/LUWA5910
2023-04-02 21:42:11.716619 - Found LUWA5911.rexx (text/plain) in CBT.V504.FILE1015.PDS, moved to PDS/LUWA5911
2023-04-02 21:42:11.717730 - Found LUWA5915.rexx (text/plain) in CBT.V504.FILE1015.PDS, moved to PDS/LUWA5915
2023-04-02 21:42:11.717747 - Found LUWA5920.bin containing application/octet-stream, moved to PDS/LUWA5920
2023-04-02 21:42:11.719023 - Found LUWA5921.bin containing application/octet-stream, moved to PDS/LUWA5921
2023-04-02 21:42:11.721141 - Found LUWA5925.rexx (text/plain) in CBT.V504.FILE1015.PDS, moved to PDS/LUWA5925
2023-04-02 21:42:11.722283 - Found LUWA5935.rexx (text/plain) in CBT.V504.FILE1015.PDS, moved to PDS/LUWA5935
2023-04-02 21:42:11.723426 - Found LUWB1AC1.rexx (text/plain) in CBT.V504.FILE1015.PDS, moved to PDS/LUWB1AC1
2023-04-02 21:42:11.724687 - Found LUWB1AC2.rexx (text/plain) in CBT.V504.FILE1015.PDS, moved to PDS/LUWB1AC2
2023-04-02 21:42:11.726171 - Found LUWB1AC3.rexx (text/plain) in CBT.V504.FILE1015.PDS, moved to PDS/LUWB1AC3
2023-04-02 21:42:11.727233 - Found LUWB1200.rexx (text/plain) in CBT.V504.FILE1015.PDS, moved to PDS/LUWB1200
2023-04-02 21:42:11.728441 - Found LUWB1210.rexx (text/plain) in CBT.V504.FILE1015.PDS, moved to PDS/LUWB1210
2023-04-02 21:42:11.729625 - Found LUWB1900.rexx (text/plain) in CBT.V504.FILE1015.PDS, moved to PDS/LUWB1900
2023-04-02 21:42:11.730879 - Found LUWB1905.rexx (text/plain) in CBT.V504.FILE1015.PDS, moved to PDS/LUWB1905
2023-04-02 21:42:11.732068 - Found LUWB1910.rexx (text/plain) in CBT.V504.FILE1015.PDS, moved to PDS/LUWB1910
2023-04-02 21:42:11.733276 - Found LUWB1911.rexx (text/plain) in CBT.V504.FILE1015.PDS, moved to PDS/LUWB1911
2023-04-02 21:42:11.734476 - Found LUWB1915.rexx (text/plain) in CBT.V504.FILE1015.PDS, moved to PDS/LUWB1915
2023-04-02 21:42:11.734491 - Found LUWB1920.bin containing application/octet-stream, moved to PDS/LUWB1920
2023-04-02 21:42:11.735675 - Found LUWB1921.bin containing application/octet-stream, moved to PDS/LUWB1921
2023-04-02 21:42:11.738141 - Found LUWB1925.rexx (text/plain) in CBT.V504.FILE1015.PDS, moved to PDS/LUWB1925
2023-04-02 21:42:11.739377 - Found LUWB1935.rexx (text/plain) in CBT.V504.FILE1015.PDS, moved to PDS/LUWB1935
2023-04-02 21:42:11.740664 - Found LUWB5ACX.rexx (text/plain) in CBT.V504.FILE1015.PDS, moved to PDS/LUWB5ACX
2023-04-02 21:42:11.742048 - Found LUWB5AC1.rexx (text/plain) in CBT.V504.FILE1015.PDS, moved to PDS/LUWB5AC1
2023-04-02 21:42:11.743344 - Found LUWB5AC2.rexx (text/plain) in CBT.V504.FILE1015.PDS, moved to PDS/LUWB5AC2
2023-04-02 21:42:11.744799 - Found LUWB5AC3.rexx (text/plain) in CBT.V504.FILE1015.PDS, moved to PDS/LUWB5AC3
2023-04-02 21:42:11.745965 - Found LUWB5200.rexx (text/plain) in CBT.V504.FILE1015.PDS, moved to PDS/LUWB5200
2023-04-02 21:42:11.747251 - Found LUWB5210.rexx (text/plain) in CBT.V504.FILE1015.PDS, moved to PDS/LUWB5210
2023-04-02 21:42:11.748483 - Found LUWB5900.rexx (text/plain) in CBT.V504.FILE1015.PDS, moved to PDS/LUWB5900
2023-04-02 21:42:11.749622 - Found LUWB5905.rexx (text/plain) in CBT.V504.FILE1015.PDS, moved to PDS/LUWB5905
2023-04-02 21:42:11.750738 - Found LUWB5910.rexx (text/plain) in CBT.V504.FILE1015.PDS, moved to PDS/LUWB5910
2023-04-02 21:42:11.751906 - Found LUWB5911.rexx (text/plain) in CBT.V504.FILE1015.PDS, moved to PDS/LUWB5911
2023-04-02 21:42:11.753088 - Found LUWB5915.rexx (text/plain) in CBT.V504.FILE1015.PDS, moved to PDS/LUWB5915
2023-04-02 21:42:11.753101 - Found LUWB5920.bin containing application/octet-stream, moved to PDS/LUWB5920
2023-04-02 21:42:11.755360 - Found LUWB5925.rexx (text/plain) in CBT.V504.FILE1015.PDS, moved to PDS/LUWB5925
2023-04-02 21:42:11.756671 - Found LUWB5935.rexx (text/plain) in CBT.V504.FILE1015.PDS, moved to PDS/LUWB5935
2023-04-02 21:42:11.757720 - Found LUWDB2.rexx (text/plain) in CBT.V504.FILE1015.PDS, moved to PDS/LUWDB2
2023-04-02 21:42:11.759016 - Found LUWEDSQL.rexx (text/plain) in CBT.V504.FILE1015.PDS, moved to PDS/LUWEDSQL
2023-04-02 21:42:11.759988 - Found LUWHELP.rexx (text/plain) in CBT.V504.FILE1015.PDS, moved to PDS/LUWHELP
2023-04-02 21:42:11.761281 - Found LUW97AC2.rexx (text/plain) in CBT.V504.FILE1015.PDS, moved to PDS/LUW97AC2
2023-04-02 21:42:11.762724 - Found LUW97AC3.rexx (text/plain) in CBT.V504.FILE1015.PDS, moved to PDS/LUW97AC3
2023-04-02 21:42:11.764114 - Found LUW97200.rexx (text/plain) in CBT.V504.FILE1015.PDS, moved to PDS/LUW97200
2023-04-02 21:42:11.765338 - Found LUW97210.rexx (text/plain) in CBT.V504.FILE1015.PDS, moved to PDS/LUW97210
2023-04-02 21:42:11.766687 - Found LUW97900.rexx (text/plain) in CBT.V504.FILE1015.PDS, moved to PDS/LUW97900
2023-04-02 21:42:11.767807 - Found LUW97905.rexx (text/plain) in CBT.V504.FILE1015.PDS, moved to PDS/LUW97905
2023-04-02 21:42:11.769091 - Found LUW97910.rexx (text/plain) in CBT.V504.FILE1015.PDS, moved to PDS/LUW97910
2023-04-02 21:42:11.770399 - Found LUW97911.rexx (text/plain) in CBT.V504.FILE1015.PDS, moved to PDS/LUW97911
2023-04-02 21:42:11.771633 - Found LUW97915.rexx (text/plain) in CBT.V504.FILE1015.PDS, moved to PDS/LUW97915
2023-04-02 21:42:11.771653 - Found LUW97920.bin containing application/octet-stream, moved to PDS/LUW97920
2023-04-02 21:42:11.773151 - Found LUW97921.bin containing application/octet-stream, moved to PDS/LUW97921
2023-04-02 21:42:11.775501 - Found RXMODDEL.rexx (text/plain) in CBT.V504.FILE1015.PDS, moved to PDS/RXMODDEL
2023-04-02 21:42:11.776823 - Found RXOBJECT.rexx (text/plain) in CBT.V504.FILE1015.PDS, moved to PDS/RXOBJECT
2023-04-02 21:42:11.778061 - Found RXSQLFOR.rexx (text/plain) in CBT.V504.FILE1015.PDS, moved to PDS/RXSQLFOR
2023-04-02 21:42:11.779164 - Found RXSQLFO1.rexx (text/plain) in CBT.V504.FILE1015.PDS, moved to PDS/RXSQLFO1
2023-04-02 21:42:11.780474 - Found SERROR.rexx (text/plain) in CBT.V504.FILE1015.PDS, moved to PDS/SERROR
2023-04-02 21:42:11.781599 - Found SIFCAREX.rexx (text/plain) in CBT.V504.FILE1015.PDS, moved to PDS/SIFCAREX
2023-04-02 21:42:11.782906 - Found SKELS.rexx (text/plain) in CBT.V504.FILE1015.PDS, moved to PDS/SKELS
2023-04-02 21:42:11.783899 - Found SPLITSQL.rexx (text/plain) in CBT.V504.FILE1015.PDS, moved to PDS/SPLITSQL
2023-04-02 21:42:11.785198 - Found SPLITSQ1.rexx (text/plain) in CBT.V504.FILE1015.PDS, moved to PDS/SPLITSQ1
2023-04-02 21:42:11.786223 - Found SQLERR.rexx (text/plain) in CBT.V504.FILE1015.PDS, moved to PDS/SQLERR
2023-04-02 21:42:11.787266 - Found SQLERR1.rexx (text/plain) in CBT.V504.FILE1015.PDS, moved to PDS/SQLERR1
2023-04-02 21:42:11.789449 - Found SSPUFI.rexx (text/plain) in CBT.V504.FILE1015.PDS, moved to PDS/SSPUFI
2023-04-02 21:42:11.790929 - Found ZOSA1AC2.rexx (text/plain) in CBT.V504.FILE1015.PDS, moved to PDS/ZOSA1AC2
2023-04-02 21:42:11.792466 - Found ZOSA1AC3.rexx (text/plain) in CBT.V504.FILE1015.PDS, moved to PDS/ZOSA1AC3
2023-04-02 21:42:11.793444 - Found ZOSA1200.rexx (text/plain) in CBT.V504.FILE1015.PDS, moved to PDS/ZOSA1200
2023-04-02 21:42:11.794420 - Found ZOSA1210.rexx (text/plain) in CBT.V504.FILE1015.PDS, moved to PDS/ZOSA1210
2023-04-02 21:42:11.795514 - Found ZOSA1900.rexx (text/plain) in CBT.V504.FILE1015.PDS, moved to PDS/ZOSA1900
2023-04-02 21:42:11.796943 - Found ZOSA1905.rexx (text/plain) in CBT.V504.FILE1015.PDS, moved to PDS/ZOSA1905
2023-04-02 21:42:11.798106 - Found ZOSA1910.rexx (text/plain) in CBT.V504.FILE1015.PDS, moved to PDS/ZOSA1910
2023-04-02 21:42:11.799121 - Found ZOSA1911.rexx (text/plain) in CBT.V504.FILE1015.PDS, moved to PDS/ZOSA1911
2023-04-02 21:42:11.800235 - Found ZOSA1915.rexx (text/plain) in CBT.V504.FILE1015.PDS, moved to PDS/ZOSA1915
2023-04-02 21:42:11.801252 - Found ZOSA1916.rexx (text/plain) in CBT.V504.FILE1015.PDS, moved to PDS/ZOSA1916
2023-04-02 21:42:11.801264 - Found ZOSA1920.bin containing application/octet-stream, moved to PDS/ZOSA1920
2023-04-02 21:42:11.804172 - Found ZOSA1925.rexx (text/plain) in CBT.V504.FILE1015.PDS, moved to PDS/ZOSA1925
2023-04-02 21:42:11.805504 - Found ZOSA1930.rexx (text/plain) in CBT.V504.FILE1015.PDS, moved to PDS/ZOSA1930
2023-04-02 21:42:11.806472 - Found ZOSA1935.rexx (text/plain) in CBT.V504.FILE1015.PDS, moved to PDS/ZOSA1935
2023-04-02 21:42:11.807860 - Found ZOSA1940.rexx (text/plain) in CBT.V504.FILE1015.PDS, moved to PDS/ZOSA1940
2023-04-02 21:42:11.809353 - Found ZOSB1AC2.rexx (text/plain) in CBT.V504.FILE1015.PDS, moved to PDS/ZOSB1AC2
2023-04-02 21:42:11.810728 - Found ZOSB1AC3.rexx (text/plain) in CBT.V504.FILE1015.PDS, moved to PDS/ZOSB1AC3
2023-04-02 21:42:11.812122 - Found ZOSB1AC4.rexx (text/plain) in CBT.V504.FILE1015.PDS, moved to PDS/ZOSB1AC4
2023-04-02 21:42:11.813236 - Found ZOSB1200.rexx (text/plain) in CBT.V504.FILE1015.PDS, moved to PDS/ZOSB1200
2023-04-02 21:42:11.814733 - Found ZOSB1210.rexx (text/plain) in CBT.V504.FILE1015.PDS, moved to PDS/ZOSB1210
2023-04-02 21:42:11.815738 - Found ZOSB1900.rexx (text/plain) in CBT.V504.FILE1015.PDS, moved to PDS/ZOSB1900
2023-04-02 21:42:11.817452 - Found ZOSB1905.rexx (text/plain) in CBT.V504.FILE1015.PDS, moved to PDS/ZOSB1905
2023-04-02 21:42:11.818544 - Found ZOSB1906.rexx (text/plain) in CBT.V504.FILE1015.PDS, moved to PDS/ZOSB1906
2023-04-02 21:42:11.819581 - Found ZOSB1910.rexx (text/plain) in CBT.V504.FILE1015.PDS, moved to PDS/ZOSB1910
2023-04-02 21:42:11.820735 - Found ZOSB1911.rexx (text/plain) in CBT.V504.FILE1015.PDS, moved to PDS/ZOSB1911
2023-04-02 21:42:11.821921 - Found ZOSB1915.rexx (text/plain) in CBT.V504.FILE1015.PDS, moved to PDS/ZOSB1915
2023-04-02 21:42:11.823035 - Found ZOSB192B.rexx (text/plain) in CBT.V504.FILE1015.PDS, moved to PDS/ZOSB192B
2023-04-02 21:42:11.825282 - Found ZOSB1920.rexx (text/plain) in CBT.V504.FILE1015.PDS, moved to PDS/ZOSB1920
2023-04-02 21:42:11.826402 - Found ZOSB1921.rexx (text/plain) in CBT.V504.FILE1015.PDS, moved to PDS/ZOSB1921
2023-04-02 21:42:11.827538 - Found ZOSB1925.rexx (text/plain) in CBT.V504.FILE1015.PDS, moved to PDS/ZOSB1925
2023-04-02 21:42:11.828773 - Found ZOSB1930.rexx (text/plain) in CBT.V504.FILE1015.PDS, moved to PDS/ZOSB1930
2023-04-02 21:42:11.829884 - Found ZOSB1931.rexx (text/plain) in CBT.V504.FILE1015.PDS, moved to PDS/ZOSB1931
2023-04-02 21:42:11.831028 - Found ZOSB1932.rexx (text/plain) in CBT.V504.FILE1015.PDS, moved to PDS/ZOSB1932
2023-04-02 21:42:11.832208 - Found ZOSB1935.rexx (text/plain) in CBT.V504.FILE1015.PDS, moved to PDS/ZOSB1935
2023-04-02 21:42:11.833230 - Found ZOSB1940.rexx (text/plain) in CBT.V504.FILE1015.PDS, moved to PDS/ZOSB1940
2023-04-02 21:42:11.834201 - Found ZOSC1AC2.rexx (text/plain) in CBT.V504.FILE1015.PDS, moved to PDS/ZOSC1AC2
2023-04-02 21:42:11.835233 - Found ZOSC1AC3.rexx (text/plain) in CBT.V504.FILE1015.PDS, moved to PDS/ZOSC1AC3
2023-04-02 21:42:11.836254 - Found ZOSC1200.rexx (text/plain) in CBT.V504.FILE1015.PDS, moved to PDS/ZOSC1200
2023-04-02 21:42:11.837256 - Found ZOSC1210.rexx (text/plain) in CBT.V504.FILE1015.PDS, moved to PDS/ZOSC1210
2023-04-02 21:42:11.838208 - Found ZOSC1900.rexx (text/plain) in CBT.V504.FILE1015.PDS, moved to PDS/ZOSC1900
2023-04-02 21:42:11.839537 - Found ZOSC1905.rexx (text/plain) in CBT.V504.FILE1015.PDS, moved to PDS/ZOSC1905
2023-04-02 21:42:11.840603 - Found ZOSC1906.rexx (text/plain) in CBT.V504.FILE1015.PDS, moved to PDS/ZOSC1906
2023-04-02 21:42:11.841929 - Found ZOSC1907.rexx (text/plain) in CBT.V504.FILE1015.PDS, moved to PDS/ZOSC1907
2023-04-02 21:42:11.842995 - Found ZOSC1910.rexx (text/plain) in CBT.V504.FILE1015.PDS, moved to PDS/ZOSC1910
2023-04-02 21:42:11.844019 - Found ZOSC1911.rexx (text/plain) in CBT.V504.FILE1015.PDS, moved to PDS/ZOSC1911
2023-04-02 21:42:11.845627 - Found ZOSC1915.rexx (text/plain) in CBT.V504.FILE1015.PDS, moved to PDS/ZOSC1915
2023-04-02 21:42:11.846699 - Found ZOSC192B.rexx (text/plain) in CBT.V504.FILE1015.PDS, moved to PDS/ZOSC192B
2023-04-02 21:42:11.847962 - Found ZOSC1920.rexx (text/plain) in CBT.V504.FILE1015.PDS, moved to PDS/ZOSC1920
2023-04-02 21:42:11.849038 - Found ZOSC1921.rexx (text/plain) in CBT.V504.FILE1015.PDS, moved to PDS/ZOSC1921
2023-04-02 21:42:11.850207 - Found ZOSC1925.rexx (text/plain) in CBT.V504.FILE1015.PDS, moved to PDS/ZOSC1925
2023-04-02 21:42:11.851262 - Found ZOSC1930.rexx (text/plain) in CBT.V504.FILE1015.PDS, moved to PDS/ZOSC1930
2023-04-02 21:42:11.852499 - Found ZOSC1935.rexx (text/plain) in CBT.V504.FILE1015.PDS, moved to PDS/ZOSC1935
2023-04-02 21:42:11.853924 - Found ZOSC1940.rexx (text/plain) in CBT.V504.FILE1015.PDS, moved to PDS/ZOSC1940
2023-04-02 21:42:11.855263 - Found ZOSC2AC2.rexx (text/plain) in CBT.V504.FILE1015.PDS, moved to PDS/ZOSC2AC2
2023-04-02 21:42:11.856661 - Found ZOSC2AC3.rexx (text/plain) in CBT.V504.FILE1015.PDS, moved to PDS/ZOSC2AC3
2023-04-02 21:42:11.857923 - Found ZOSC3AC2.rexx (text/plain) in CBT.V504.FILE1015.PDS, moved to PDS/ZOSC3AC2
2023-04-02 21:42:11.859396 - Found ZOSC3AC3.rexx (text/plain) in CBT.V504.FILE1015.PDS, moved to PDS/ZOSC3AC3
2023-04-02 21:42:11.860800 - Found ZOSZPARM.rexx (text/plain) in CBT.V504.FILE1015.PDS, moved to PDS/ZOSZPARM
2023-04-02 21:42:11.861918 - Found ZOS81AC2.rexx (text/plain) in CBT.V504.FILE1015.PDS, moved to PDS/ZOS81AC2
2023-04-02 21:42:11.863000 - Found ZOS81AC3.rexx (text/plain) in CBT.V504.FILE1015.PDS, moved to PDS/ZOS81AC3
2023-04-02 21:42:11.863994 - Found ZOS81200.rexx (text/plain) in CBT.V504.FILE1015.PDS, moved to PDS/ZOS81200
2023-04-02 21:42:11.864983 - Found ZOS81210.rexx (text/plain) in CBT.V504.FILE1015.PDS, moved to PDS/ZOS81210
2023-04-02 21:42:11.865889 - Found ZOS81900.rexx (text/plain) in CBT.V504.FILE1015.PDS, moved to PDS/ZOS81900
2023-04-02 21:42:11.867065 - Found ZOS81905.rexx (text/plain) in CBT.V504.FILE1015.PDS, moved to PDS/ZOS81905
2023-04-02 21:42:11.868141 - Found ZOS81910.rexx (text/plain) in CBT.V504.FILE1015.PDS, moved to PDS/ZOS81910
2023-04-02 21:42:11.869637 - Found ZOS81911.rexx (text/plain) in CBT.V504.FILE1015.PDS, moved to PDS/ZOS81911
2023-04-02 21:42:11.870667 - Found ZOS81915.rexx (text/plain) in CBT.V504.FILE1015.PDS, moved to PDS/ZOS81915
2023-04-02 21:42:11.871628 - Found ZOS81916.rexx (text/plain) in CBT.V504.FILE1015.PDS, moved to PDS/ZOS81916
2023-04-02 21:42:11.871641 - Found ZOS81920.bin containing application/octet-stream, moved to PDS/ZOS81920
2023-04-02 21:42:11.873636 - Found ZOS81925.rexx (text/plain) in CBT.V504.FILE1015.PDS, moved to PDS/ZOS81925
2023-04-02 21:42:11.874726 - Found ZOS91AC2.rexx (text/plain) in CBT.V504.FILE1015.PDS, moved to PDS/ZOS91AC2
2023-04-02 21:42:11.875816 - Found ZOS91AC3.rexx (text/plain) in CBT.V504.FILE1015.PDS, moved to PDS/ZOS91AC3
2023-04-02 21:42:11.877065 - Found ZOS91200.rexx (text/plain) in CBT.V504.FILE1015.PDS, moved to PDS/ZOS91200
2023-04-02 21:42:11.878039 - Found ZOS91210.rexx (text/plain) in CBT.V504.FILE1015.PDS, moved to PDS/ZOS91210
2023-04-02 21:42:11.879051 - Found ZOS91900.rexx (text/plain) in CBT.V504.FILE1015.PDS, moved to PDS/ZOS91900
2023-04-02 21:42:11.880256 - Found ZOS91905.rexx (text/plain) in CBT.V504.FILE1015.PDS, moved to PDS/ZOS91905
2023-04-02 21:42:11.881208 - Found ZOS91910.rexx (text/plain) in CBT.V504.FILE1015.PDS, moved to PDS/ZOS91910
2023-04-02 21:42:11.882102 - Found ZOS91911.rexx (text/plain) in CBT.V504.FILE1015.PDS, moved to PDS/ZOS91911
2023-04-02 21:42:11.883242 - Found ZOS91915.rexx (text/plain) in CBT.V504.FILE1015.PDS, moved to PDS/ZOS91915
2023-04-02 21:42:11.884238 - Found ZOS91916.rexx (text/plain) in CBT.V504.FILE1015.PDS, moved to PDS/ZOS91916
2023-04-02 21:42:11.884249 - Found ZOS91920.bin containing application/octet-stream, moved to PDS/ZOS91920
2023-04-02 21:42:11.886291 - Found ZOS91925.rexx (text/plain) in CBT.V504.FILE1015.PDS, moved to PDS/ZOS91925
